nohup: ignoring input
Watching for file changes with StatReloader
/home/d357ruc710n/Projects/Data Vault/singleserver/singleserver/settings.py changed, reloading.
Performing system checks...

System check identified no issues (0 silenced).
August 21, 2025 - 08:09:37
Django version 5.2.5, using settings 'singleserver.settings'
Starting development server at http://0.0.0.0:8000/
Quit the server with CONTROL-C.

WARNING: This is a development server. Do not use it in a production setting. Use a production WSGI or ASGI server instead.
For more information on production servers see: https://docs.djangoproject.com/en/5.2/howto/deployment/
Watching for file changes with StatReloader
[21/Aug/2025 08:10:17] "POST /keybuffer/ HTTP/1.1" 201 45
[21/Aug/2025 08:10:17] "GET /keybuffer/ HTTP/1.1" 200 45
/home/d357ruc710n/Projects/Data Vault/singleserver/singleserver/urls.py changed, reloading.
Performing system checks...

System check identified no issues (0 silenced).
August 21, 2025 - 08:10:05
Django version 5.2.5, using settings 'singleserver.settings'
Starting development server at http://0.0.0.0:8000/
Quit the server with CONTROL-C.

WARNING: This is a development server. Do not use it in a production setting. Use a production WSGI or ASGI server instead.
For more information on production servers see: https://docs.djangoproject.com/en/5.2/howto/deployment/
Watching for file changes with StatReloader
[21/Aug/2025 08:26:12] "POST /keybuffer/ HTTP/1.1" 201 42
[21/Aug/2025 08:26:12] "GET /keybuffer/ HTTP/1.1" 200 42
[21/Aug/2025 08:33:36] "GET /keybuffer/ HTTP/1.1" 200 42
[21/Aug/2025 08:33:36] "GET /keybuffer/ HTTP/1.1" 200 42
Performing system checks...

System check identified no issues (0 silenced).
August 21, 2025 - 08:12:16
Django version 5.2.5, using settings 'singleserver.settings'
Starting development server at http://0.0.0.0:8000/
Quit the server with CONTROL-C.

WARNING: This is a development server. Do not use it in a production setting. Use a production WSGI or ASGI server instead.
For more information on production servers see: https://docs.djangoproject.com/en/5.2/howto/deployment/
